/home/bilal41/ros2_ws/src/my_first_pkg/install/my_first_pkg/lib/python3.10/site-packages/my_first_pkg/simple_node.py
/home/bilal41/ros2_ws/src/my_first_pkg/install/my_first_pkg/lib/python3.10/site-packages/my_first_pkg/__init__.py
/home/bilal41/ros2_ws/src/my_first_pkg/install/my_first_pkg/lib/python3.10/site-packages/my_first_pkg/counter_node.py
/home/bilal41/ros2_ws/src/my_first_pkg/install/my_first_pkg/lib/python3.10/site-packages/my_first_pkg/parameter_node.py
/home/bilal41/ros2_ws/src/my_first_pkg/install/my_first_pkg/lib/python3.10/site-packages/my_first_pkg/__pycache__/simple_node.cpython-310.pyc
/home/bilal41/ros2_ws/src/my_first_pkg/install/my_first_pkg/lib/python3.10/site-packages/my_first_pkg/__pycache__/__init__.cpython-310.pyc
/home/bilal41/ros2_ws/src/my_first_pkg/install/my_first_pkg/lib/python3.10/site-packages/my_first_pkg/__pycache__/counter_node.cpython-310.pyc
/home/bilal41/ros2_ws/src/my_first_pkg/install/my_first_pkg/lib/python3.10/site-packages/my_first_pkg/__pycache__/parameter_node.cpython-310.pyc
/home/bilal41/ros2_ws/src/my_first_pkg/install/my_first_pkg/share/ament_index/resource_index/packages/my_first_pkg
/home/bilal41/ros2_ws/src/my_first_pkg/install/my_first_pkg/share/my_first_pkg/package.xml
/home/bilal41/ros2_ws/src/my_first_pkg/install/my_first_pkg/lib/python3.10/site-packages/my_first_pkg-0.0.0-py3.10.egg-info/entry_points.txt
/home/bilal41/ros2_ws/src/my_first_pkg/install/my_first_pkg/lib/python3.10/site-packages/my_first_pkg-0.0.0-py3.10.egg-info/top_level.txt
/home/bilal41/ros2_ws/src/my_first_pkg/install/my_first_pkg/lib/python3.10/site-packages/my_first_pkg-0.0.0-py3.10.egg-info/PKG-INFO
/home/bilal41/ros2_ws/src/my_first_pkg/install/my_first_pkg/lib/python3.10/site-packages/my_first_pkg-0.0.0-py3.10.egg-info/SOURCES.txt
/home/bilal41/ros2_ws/src/my_first_pkg/install/my_first_pkg/lib/python3.10/site-packages/my_first_pkg-0.0.0-py3.10.egg-info/dependency_links.txt
/home/bilal41/ros2_ws/src/my_first_pkg/install/my_first_pkg/lib/python3.10/site-packages/my_first_pkg-0.0.0-py3.10.egg-info/requires.txt
/home/bilal41/ros2_ws/src/my_first_pkg/install/my_first_pkg/lib/python3.10/site-packages/my_first_pkg-0.0.0-py3.10.egg-info/zip-safe
/home/bilal41/ros2_ws/src/my_first_pkg/install/my_first_pkg/lib/my_first_pkg/counter_node
/home/bilal41/ros2_ws/src/my_first_pkg/install/my_first_pkg/lib/my_first_pkg/parameter_node
/home/bilal41/ros2_ws/src/my_first_pkg/install/my_first_pkg/lib/my_first_pkg/simple_node
