[0.133s] DEBUG:colcon:Command line arguments: ['/usr/bin/colcon', 'build']
[0.133s] DEBUG:colcon:Parsed command line arguments: Namespace(log_base=None, log_level=None, verb_name='build', build_base='build', install_base='install', merge_install=False, symlink_install=False, test_result_base=None, continue_on_error=False, executor='parallel', parallel_workers=8, event_handlers=None, ignore_user_meta=False, metas=['./colcon.meta'], base_paths=['.'], packages_ignore=None, packages_ignore_regex=None, paths=None, packages_up_to=None, packages_up_to_regex=None, packages_above=None, packages_above_and_dependencies=None, packages_above_depth=None, packages_select_by_dep=None, packages_skip_by_dep=None, packages_skip_up_to=None, packages_select_build_failed=False, packages_skip_build_finished=False, packages_select_test_failures=False, packages_skip_test_passed=False, packages_select=None, packages_skip=None, packages_select_regex=None, packages_skip_regex=None, packages_start=None, packages_end=None, allow_overriding=[], cmake_args=None, cmake_target=None, cmake_target_skip_unavailable=False, cmake_clean_cache=False, cmake_clean_first=False, cmake_force_configure=False, ament_cmake_args=None, catkin_cmake_args=None, catkin_skip_building_tests=False, verb_parser=<colcon_defaults.argument_parser.defaults.DefaultArgumentsDecorator object at 0x7e79221377f0>, verb_extension=<colcon_core.verb.build.BuildVerb object at 0x7e7922278c40>, main=<bound method BuildVerb.main of <colcon_core.verb.build.BuildVerb object at 0x7e7922278c40>>)
[0.276s] Level 1:colcon.colcon_core.package_discovery:discover_packages(colcon_meta) check parameters
[0.276s] Level 1:colcon.colcon_core.package_discovery:discover_packages(recursive) check parameters
[0.276s] Level 1:colcon.colcon_core.package_discovery:discover_packages(ignore) check parameters
[0.276s] Level 1:colcon.colcon_core.package_discovery:discover_packages(path) check parameters
[0.276s] Level 1:colcon.colcon_core.package_discovery:discover_packages(colcon_meta) discover
[0.276s] Level 1:colcon.colcon_core.package_discovery:discover_packages(recursive) discover
[0.276s] INFO:colcon.colcon_core.package_discovery:Crawling recursively for packages in '/home/bilal41/ros2_ws/src/my_first_pkg'
[0.276s] Level 1:colcon.colcon_core.package_identification:_identify(.) by extensions ['ignore', 'ignore_ament_install']
[0.276s] Level 1:colcon.colcon_core.package_identification:_identify(.) by extension 'ignore'
[0.276s] Level 1:colcon.colcon_core.package_identification:_identify(.) by extension 'ignore_ament_install'
[0.276s] Level 1:colcon.colcon_core.package_identification:_identify(.) by extensions ['colcon_pkg']
[0.277s] Level 1:colcon.colcon_core.package_identification:_identify(.) by extension 'colcon_pkg'
[0.277s] Level 1:colcon.colcon_core.package_identification:_identify(.) by extensions ['colcon_meta']
[0.277s] Level 1:colcon.colcon_core.package_identification:_identify(.) by extension 'colcon_meta'
[0.277s] Level 1:colcon.colcon_core.package_identification:_identify(.) by extensions ['ros']
[0.277s] Level 1:colcon.colcon_core.package_identification:_identify(.) by extension 'ros'
[0.288s] DEBUG:colcon.colcon_core.package_identification:Package '.' with type 'ros.ament_python' and name 'my_first_pkg'
[0.288s] Level 1:colcon.colcon_core.package_discovery:discover_packages(recursive) using defaults
[0.288s] Level 1:colcon.colcon_core.package_discovery:discover_packages(ignore) discover
[0.288s] Level 1:colcon.colcon_core.package_discovery:discover_packages(ignore) using defaults
[0.288s] Level 1:colcon.colcon_core.package_discovery:discover_packages(path) discover
[0.288s] Level 1:colcon.colcon_core.package_discovery:discover_packages(path) using defaults
[0.304s] Level 1:colcon.colcon_core.package_discovery:discover_packages(prefix_path) check parameters
[0.304s] Level 1:colcon.colcon_core.package_discovery:discover_packages(prefix_path) discover
[0.306s] DEBUG:colcon.colcon_installed_package_information.package_discovery:Found 1 installed packages in /home/bilal41/ros2_ws/install
[0.307s] DEBUG:colcon.colcon_installed_package_information.package_discovery:Found 272 installed packages in /opt/ros/humble
[0.308s] Level 1:colcon.colcon_core.package_discovery:discover_packages(prefix_path) using defaults
[0.348s] Level 5:colcon.colcon_core.verb:set package 'my_first_pkg' build argument 'cmake_args' from command line to 'None'
[0.348s] Level 5:colcon.colcon_core.verb:set package 'my_first_pkg' build argument 'cmake_target' from command line to 'None'
[0.348s] Level 5:colcon.colcon_core.verb:set package 'my_first_pkg' build argument 'cmake_target_skip_unavailable' from command line to 'False'
[0.348s] Level 5:colcon.colcon_core.verb:set package 'my_first_pkg' build argument 'cmake_clean_cache' from command line to 'False'
[0.348s] Level 5:colcon.colcon_core.verb:set package 'my_first_pkg' build argument 'cmake_clean_first' from command line to 'False'
[0.348s] Level 5:colcon.colcon_core.verb:set package 'my_first_pkg' build argument 'cmake_force_configure' from command line to 'False'
[0.348s] Level 5:colcon.colcon_core.verb:set package 'my_first_pkg' build argument 'ament_cmake_args' from command line to 'None'
[0.348s] Level 5:colcon.colcon_core.verb:set package 'my_first_pkg' build argument 'catkin_cmake_args' from command line to 'None'
[0.348s] Level 5:colcon.colcon_core.verb:set package 'my_first_pkg' build argument 'catkin_skip_building_tests' from command line to 'False'
[0.348s] DEBUG:colcon.colcon_core.verb:Building package 'my_first_pkg' with the following arguments: {'ament_cmake_args': None, 'build_base': '/home/bilal41/ros2_ws/src/my_first_pkg/build/my_first_pkg', 'catkin_cmake_args': None, 'catkin_skip_building_tests': False, 'cmake_args': None, 'cmake_clean_cache': False, 'cmake_clean_first': False, 'cmake_force_configure': False, 'cmake_target': None, 'cmake_target_skip_unavailable': False, 'install_base': '/home/bilal41/ros2_ws/src/my_first_pkg/install/my_first_pkg', 'merge_install': False, 'path': '/home/bilal41/ros2_ws/src/my_first_pkg', 'symlink_install': False, 'test_result_base': None}
[0.348s] INFO:colcon.colcon_core.executor:Executing jobs using 'parallel' executor
[0.349s] DEBUG:colcon.colcon_parallel_executor.executor.parallel:run_until_complete
[0.349s] INFO:colcon.colcon_ros.task.ament_python.build:Building ROS package in '/home/bilal41/ros2_ws/src/my_first_pkg' with build type 'ament_python'
[0.349s] Level 1:colcon.colcon_core.shell:create_environment_hook('my_first_pkg', 'ament_prefix_path')
[0.351s] INFO:colcon.colcon_core.plugin_system:Skipping extension 'colcon_core.shell.bat': Not used on non-Windows systems
[0.351s] INFO:colcon.colcon_core.shell:Creating environment hook '/home/bilal41/ros2_ws/src/my_first_pkg/install/my_first_pkg/share/my_first_pkg/hook/ament_prefix_path.ps1'
[0.352s] INFO:colcon.colcon_core.shell:Creating environment descriptor '/home/bilal41/ros2_ws/src/my_first_pkg/install/my_first_pkg/share/my_first_pkg/hook/ament_prefix_path.dsv'
[0.352s] INFO:colcon.colcon_core.shell:Creating environment hook '/home/bilal41/ros2_ws/src/my_first_pkg/install/my_first_pkg/share/my_first_pkg/hook/ament_prefix_path.sh'
[0.353s] INFO:colcon.colcon_core.shell:Skip shell extension 'powershell' for command environment: Not usable outside of PowerShell
[0.353s] DEBUG:colcon.colcon_core.shell:Skip shell extension 'dsv' for command environment
[0.633s] INFO:colcon.colcon_core.task.python.build:Building Python package in '/home/bilal41/ros2_ws/src/my_first_pkg'
[0.633s] INFO:colcon.colcon_core.shell:Skip shell extension 'powershell' for command environment: Not usable outside of PowerShell
[0.634s] DEBUG:colcon.colcon_core.shell:Skip shell extension 'dsv' for command environment
[0.980s] DEBUG:colcon.colcon_core.event_handler.log_command:Invoking command in '/home/bilal41/ros2_ws/src/my_first_pkg': PYTHONPATH=/home/bilal41/ros2_ws/src/my_first_pkg/build/my_first_pkg/prefix_override:/usr/lib/python3/dist-packages/colcon_core/task/python/colcon_distutils_commands:/home/bilal41/ros2_ws/src/my_first_pkg/install/my_first_pkg/lib/python3.10/site-packages:${PYTHONPATH} /usr/bin/python3 -W ignore:setup.py install is deprecated -W ignore:easy_install command is deprecated setup.py egg_info --egg-base build/my_first_pkg build --build-base /home/bilal41/ros2_ws/src/my_first_pkg/build/my_first_pkg/build install --record /home/bilal41/ros2_ws/src/my_first_pkg/build/my_first_pkg/install.log --single-version-externally-managed install_data
[1.344s] DEBUG:colcon.colcon_core.event_handler.log_command:Invoked command in '/home/bilal41/ros2_ws/src/my_first_pkg' returned '0': PYTHONPATH=/home/bilal41/ros2_ws/src/my_first_pkg/build/my_first_pkg/prefix_override:/usr/lib/python3/dist-packages/colcon_core/task/python/colcon_distutils_commands:/home/bilal41/ros2_ws/src/my_first_pkg/install/my_first_pkg/lib/python3.10/site-packages:${PYTHONPATH} /usr/bin/python3 -W ignore:setup.py install is deprecated -W ignore:easy_install command is deprecated setup.py egg_info --egg-base build/my_first_pkg build --build-base /home/bilal41/ros2_ws/src/my_first_pkg/build/my_first_pkg/build install --record /home/bilal41/ros2_ws/src/my_first_pkg/build/my_first_pkg/install.log --single-version-externally-managed install_data
[1.346s] Level 1:colcon.colcon_core.environment:checking '/home/bilal41/ros2_ws/src/my_first_pkg/install/my_first_pkg' for CMake module files
[1.346s] Level 1:colcon.colcon_core.environment:checking '/home/bilal41/ros2_ws/src/my_first_pkg/install/my_first_pkg' for CMake config files
[1.347s] Level 1:colcon.colcon_core.environment:checking '/home/bilal41/ros2_ws/src/my_first_pkg/install/my_first_pkg/lib'
[1.347s] Level 1:colcon.colcon_core.environment:checking '/home/bilal41/ros2_ws/src/my_first_pkg/install/my_first_pkg/bin'
[1.347s] Level 1:colcon.colcon_core.environment:checking '/home/bilal41/ros2_ws/src/my_first_pkg/install/my_first_pkg/lib/pkgconfig/my_first_pkg.pc'
[1.348s] Level 1:colcon.colcon_core.environment:checking '/home/bilal41/ros2_ws/src/my_first_pkg/install/my_first_pkg/lib/python3.10/site-packages'
[1.348s] Level 1:colcon.colcon_core.shell:create_environment_hook('my_first_pkg', 'pythonpath')
[1.348s] INFO:colcon.colcon_core.shell:Creating environment hook '/home/bilal41/ros2_ws/src/my_first_pkg/install/my_first_pkg/share/my_first_pkg/hook/pythonpath.ps1'
[1.348s] INFO:colcon.colcon_core.shell:Creating environment descriptor '/home/bilal41/ros2_ws/src/my_first_pkg/install/my_first_pkg/share/my_first_pkg/hook/pythonpath.dsv'
[1.348s] INFO:colcon.colcon_core.shell:Creating environment hook '/home/bilal41/ros2_ws/src/my_first_pkg/install/my_first_pkg/share/my_first_pkg/hook/pythonpath.sh'
[1.349s] Level 1:colcon.colcon_core.environment:checking '/home/bilal41/ros2_ws/src/my_first_pkg/install/my_first_pkg/bin'
[1.349s] Level 1:colcon.colcon_core.environment:create_environment_scripts_only(my_first_pkg)
[1.349s] INFO:colcon.colcon_core.shell:Creating package script '/home/bilal41/ros2_ws/src/my_first_pkg/install/my_first_pkg/share/my_first_pkg/package.ps1'
[1.350s] INFO:colcon.colcon_core.shell:Creating package descriptor '/home/bilal41/ros2_ws/src/my_first_pkg/install/my_first_pkg/share/my_first_pkg/package.dsv'
[1.351s] INFO:colcon.colcon_core.shell:Creating package script '/home/bilal41/ros2_ws/src/my_first_pkg/install/my_first_pkg/share/my_first_pkg/package.sh'
[1.355s] INFO:colcon.colcon_core.shell:Creating package script '/home/bilal41/ros2_ws/src/my_first_pkg/install/my_first_pkg/share/my_first_pkg/package.bash'
[1.356s] INFO:colcon.colcon_core.shell:Creating package script '/home/bilal41/ros2_ws/src/my_first_pkg/install/my_first_pkg/share/my_first_pkg/package.zsh'
[1.357s] Level 1:colcon.colcon_core.environment:create_file_with_runtime_dependencies(/home/bilal41/ros2_ws/src/my_first_pkg/install/my_first_pkg/share/colcon-core/packages/my_first_pkg)
[1.357s] DEBUG:colcon.colcon_parallel_executor.executor.parallel:closing loop
[1.358s] DEBUG:colcon.colcon_parallel_executor.executor.parallel:loop closed
[1.358s] DEBUG:colcon.colcon_parallel_executor.executor.parallel:run_until_complete finished with '0'
[1.358s] DEBUG:colcon.colcon_core.event_reactor:joining thread
[1.365s] INFO:colcon.colcon_core.plugin_system:Skipping extension 'colcon_notification.desktop_notification.terminal_notifier': Not used on non-Darwin systems
[1.365s] INFO:colcon.colcon_core.plugin_system:Skipping extension 'colcon_notification.desktop_notification.win32': Not used on non-Windows systems
[1.365s] INFO:colcon.colcon_notification.desktop_notification:Sending desktop notification using 'notify2'
[1.385s] DEBUG:colcon.colcon_core.event_reactor:joined thread
[1.386s] INFO:colcon.colcon_core.shell:Creating prefix script '/home/bilal41/ros2_ws/src/my_first_pkg/install/local_setup.ps1'
[1.388s] INFO:colcon.colcon_core.shell:Creating prefix util module '/home/bilal41/ros2_ws/src/my_first_pkg/install/_local_setup_util_ps1.py'
[1.391s] INFO:colcon.colcon_core.shell:Creating prefix chain script '/home/bilal41/ros2_ws/src/my_first_pkg/install/setup.ps1'
[1.393s] INFO:colcon.colcon_core.shell:Creating prefix script '/home/bilal41/ros2_ws/src/my_first_pkg/install/local_setup.sh'
[1.394s] INFO:colcon.colcon_core.shell:Creating prefix util module '/home/bilal41/ros2_ws/src/my_first_pkg/install/_local_setup_util_sh.py'
[1.395s] INFO:colcon.colcon_core.shell:Creating prefix chain script '/home/bilal41/ros2_ws/src/my_first_pkg/install/setup.sh'
[1.396s] INFO:colcon.colcon_core.shell:Creating prefix script '/home/bilal41/ros2_ws/src/my_first_pkg/install/local_setup.bash'
[1.397s] INFO:colcon.colcon_core.shell:Creating prefix chain script '/home/bilal41/ros2_ws/src/my_first_pkg/install/setup.bash'
[1.398s] INFO:colcon.colcon_core.shell:Creating prefix script '/home/bilal41/ros2_ws/src/my_first_pkg/install/local_setup.zsh'
[1.398s] INFO:colcon.colcon_core.shell:Creating prefix chain script '/home/bilal41/ros2_ws/src/my_first_pkg/install/setup.zsh'
